{"/Users/danestves/react-square-web-payments-sdk/src/index.ts": {"path":"/Users/danestves/react-square-web-payments-sdk/src/index.ts","statementMap":{"0":{"start":{"line":1,"column":0},"end":{"line":1,"column":69}},"1":{"start":{"line":3,"column":0},"end":{"line":3,"column":36}},"2":{"start":{"line":4,"column":0},"end":{"line":4,"column":38}},"3":{"start":{"line":5,"column":0},"end":{"line":5,"column":45}},"4":{"start":{"line":6,"column":0},"end":{"line":6,"column":43}},"5":{"start":{"line":7,"column":0},"end":{"line":7,"column":39}},"6":{"start":{"line":8,"column":0},"end":{"line":8,"column":41}},"7":{"start":{"line":9,"column":0},"end":{"line":9,"column":39}},"8":{"start":{"line":10,"column":0},"end":{"line":10,"column":48}},"9":{"start":{"line":12,"column":0},"end":{"line":12,"column":34}}},"fnMap":{},"branchMap":{},"s":{"0":0,"1":0,"2":0,"3":0,"4":0,"5":0,"6":0,"7":0,"8":0,"9":0},"f":{},"b":{}}
,"/Users/danestves/react-square-web-payments-sdk/src/components/SquarePaymentsForm.tsx": {"path":"/Users/danestves/react-square-web-payments-sdk/src/components/SquarePaymentsForm.tsx","statementMap":{"0":{"start":{"line":2,"column":0},"end":{"line":2,"column":31}},"1":{"start":{"line":3,"column":0},"end":{"line":3,"column":43}},"2":{"start":{"line":14,"column":0},"end":{"line":14,"column":39}},"3":{"start":{"line":15,"column":0},"end":{"line":15,"column":33}},"4":{"start":{"line":55,"column":34},"end":{"line":101,"column":1}},"5":{"start":{"line":56,"column":15},"end":{"line":56,"column":null}},"6":{"start":{"line":57,"column":12},"end":{"line":57,"column":null}},"7":{"start":{"line":58,"column":2},"end":{"line":58,"column":8}},"8":{"start":{"line":58,"column":8},"end":{"line":58,"column":null}},"9":{"start":{"line":59,"column":10},"end":{"line":60,"column":26}},"10":{"start":{"line":61,"column":40},"end":{"line":61,"column":66}},"11":{"start":{"line":61,"column":20},"end":{"line":61,"column":22}},"12":{"start":{"line":61,"column":36},"end":{"line":61,"column":40}},"13":{"start":{"line":63,"column":2},"end":{"line":79,"column":34}},"14":{"start":{"line":65,"column":6},"end":{"line":73,"column":9}},"15":{"start":{"line":66,"column":8},"end":{"line":68,"column":null}},"16":{"start":{"line":67,"column":10},"end":{"line":67,"column":68}},"17":{"start":{"line":70,"column":8},"end":{"line":70,"column":28}},"18":{"start":{"line":72,"column":8},"end":{"line":72,"column":19}},"19":{"start":{"line":76,"column":4},"end":{"line":78,"column":null}},"20":{"start":{"line":77,"column":6},"end":{"line":77,"column":20}},"21":{"start":{"line":81,"column":2},"end":{"line":83,"column":null}},"22":{"start":{"line":82,"column":4},"end":{"line":82,"column":27}},"23":{"start":{"line":85,"column":2},"end":{"line":87,"column":null}},"24":{"start":{"line":86,"column":4},"end":{"line":86,"column":16}},"25":{"start":{"line":89,"column":2},"end":{"line":100,"column":4}},"26":{"start":{"line":55,"column":13},"end":{"line":55,"column":34}},"27":{"start":{"line":103,"column":0},"end":{"line":103,"column":34}}},"fnMap":{"0":{"name":"(anonymous_0)","decl":{"start":{"line":55,"column":34},"end":{"line":55,"column":35}},"loc":{"start":{"line":60,"column":26},"end":{"line":101,"column":1}}},"1":{"name":"(anonymous_1)","decl":{"start":{"line":63,"column":18},"end":{"line":63,"column":null}},"loc":{"start":{"line":63,"column":18},"end":{"line":79,"column":3}}},"2":{"name":"loadPayment","decl":{"start":{"line":64,"column":19},"end":{"line":64,"column":30}},"loc":{"start":{"line":64,"column":30},"end":{"line":74,"column":null}}},"3":{"name":"(anonymous_5)","decl":{"start":{"line":65,"column":53},"end":{"line":65,"column":54}},"loc":{"start":{"line":65,"column":57},"end":{"line":73,"column":7}}}},"branchMap":{"0":{"loc":{"start":{"line":58,"column":11},"end":{"line":58,"column":33}},"type":"cond-expr","locations":[{"start":{"line":58,"column":11},"end":{"line":58,"column":33}},{"start":{"line":58,"column":33},"end":{"line":58,"column":null}}]},"1":{"loc":{"start":{"line":65,"column":6},"end":{"line":73,"column":9}},"type":"switch","locations":[{"start":{"line":65,"column":6},"end":{"line":73,"column":9}}]},"2":{"loc":{"start":{"line":66,"column":8},"end":{"line":68,"column":null}},"type":"if","locations":[{"start":{"line":66,"column":8},"end":{"line":68,"column":null}},{"start":{"line":66,"column":8},"end":{"line":68,"column":null}}]},"3":{"loc":{"start":{"line":76,"column":4},"end":{"line":78,"column":null}},"type":"if","locations":[{"start":{"line":76,"column":4},"end":{"line":78,"column":null}},{"start":{"line":76,"column":4},"end":{"line":78,"column":null}}]},"4":{"loc":{"start":{"line":76,"column":8},"end":{"line":76,"column":21}},"type":"binary-expr","locations":[{"start":{"line":76,"column":8},"end":{"line":76,"column":21}},{"start":{"line":76,"column":25},"end":{"line":76,"column":35}}]},"5":{"loc":{"start":{"line":81,"column":2},"end":{"line":83,"column":null}},"type":"if","locations":[{"start":{"line":81,"column":2},"end":{"line":83,"column":null}},{"start":{"line":81,"column":2},"end":{"line":83,"column":null}}]},"6":{"loc":{"start":{"line":81,"column":6},"end":{"line":81,"column":20}},"type":"binary-expr","locations":[{"start":{"line":81,"column":6},"end":{"line":81,"column":20}},{"start":{"line":81,"column":24},"end":{"line":81,"column":35}}]},"7":{"loc":{"start":{"line":85,"column":2},"end":{"line":87,"column":null}},"type":"if","locations":[{"start":{"line":85,"column":2},"end":{"line":87,"column":null}},{"start":{"line":85,"column":2},"end":{"line":87,"column":null}}]}},"s":{"0":0,"1":0,"2":0,"3":0,"4":0,"5":0,"6":0,"7":0,"8":0,"9":0,"10":0,"11":0,"12":0,"13":0,"14":0,"15":0,"16":0,"17":0,"18":0,"19":0,"20":0,"21":0,"22":0,"23":0,"24":0,"25":0,"26":0,"27":0},"f":{"0":0,"1":0,"2":0,"3":0},"b":{"0":[0,0],"1":[0],"2":[0,0],"3":[0,0],"4":[0,0],"5":[0,0],"6":[0,0],"7":[0,0]}}
,"/Users/danestves/react-square-web-payments-sdk/src/components/AchPay/index.ts": {"path":"/Users/danestves/react-square-web-payments-sdk/src/components/AchPay/index.ts","statementMap":{"0":{"start":{"line":1,"column":0},"end":{"line":1,"column":25}}},"fnMap":{},"branchMap":{},"s":{"0":0},"f":{},"b":{}}
,"/Users/danestves/react-square-web-payments-sdk/src/components/AchPay/styles.ts": {"path":"/Users/danestves/react-square-web-payments-sdk/src/components/AchPay/styles.ts","statementMap":{"0":{"start":{"line":2,"column":0},"end":{"line":2,"column":41}},"1":{"start":{"line":4,"column":13},"end":{"line":30,"column":3}},"2":{"start":{"line":32,"column":13},"end":{"line":38,"column":3}}},"fnMap":{},"branchMap":{},"s":{"0":0,"1":0,"2":0},"f":{},"b":{}}
,"/Users/danestves/react-square-web-payments-sdk/src/components/ApplePay/index.ts": {"path":"/Users/danestves/react-square-web-payments-sdk/src/components/ApplePay/index.ts","statementMap":{"0":{"start":{"line":1,"column":0},"end":{"line":1,"column":27}}},"fnMap":{},"branchMap":{},"s":{"0":0},"f":{},"b":{}}
,"/Users/danestves/react-square-web-payments-sdk/src/components/ApplePay/styles.ts": {"path":"/Users/danestves/react-square-web-payments-sdk/src/components/ApplePay/styles.ts","statementMap":{"0":{"start":{"line":2,"column":0},"end":{"line":2,"column":41}},"1":{"start":{"line":4,"column":13},"end":{"line":11,"column":3}}},"fnMap":{},"branchMap":{},"s":{"0":0,"1":0},"f":{},"b":{}}
,"/Users/danestves/react-square-web-payments-sdk/src/components/CreditCardInput/CreditCardInput.tsx": {"path":"/Users/danestves/react-square-web-payments-sdk/src/components/CreditCardInput/CreditCardInput.tsx","statementMap":{"0":{"start":{"line":2,"column":0},"end":{"line":2,"column":31}},"1":{"start":{"line":3,"column":0},"end":{"line":3,"column":45}},"2":{"start":{"line":4,"column":0},"end":{"line":4,"column":46}},"3":{"start":{"line":15,"column":0},"end":{"line":15,"column":41}},"4":{"start":{"line":16,"column":0},"end":{"line":16,"column":50}},"5":{"start":{"line":126,"column":31},"end":{"line":247,"column":1}},"6":{"start":{"line":127,"column":18},"end":{"line":127,"column":null}},"7":{"start":{"line":128,"column":2},"end":{"line":128,"column":17}},"8":{"start":{"line":128,"column":17},"end":{"line":128,"column":null}},"9":{"start":{"line":129,"column":10},"end":{"line":129,"column":null}},"10":{"start":{"line":130,"column":17},"end":{"line":130,"column":null}},"11":{"start":{"line":131,"column":19},"end":{"line":131,"column":null}},"12":{"start":{"line":132,"column":2},"end":{"line":132,"column":7}},"13":{"start":{"line":132,"column":7},"end":{"line":132,"column":null}},"14":{"start":{"line":133,"column":17},"end":{"line":133,"column":null}},"15":{"start":{"line":134,"column":19},"end":{"line":134,"column":null}},"16":{"start":{"line":135,"column":16},"end":{"line":135,"column":null}},"17":{"start":{"line":136,"column":19},"end":{"line":136,"column":null}},"18":{"start":{"line":137,"column":17},"end":{"line":137,"column":null}},"19":{"start":{"line":138,"column":7},"end":{"line":138,"column":null}},"20":{"start":{"line":139,"column":8},"end":{"line":139,"column":null}},"21":{"start":{"line":140,"column":2},"end":{"line":140,"column":16}},"22":{"start":{"line":140,"column":16},"end":{"line":140,"column":null}},"23":{"start":{"line":141,"column":2},"end":{"line":141,"column":6}},"24":{"start":{"line":141,"column":6},"end":{"line":141,"column":null}},"25":{"start":{"line":142,"column":10},"end":{"line":143,"column":23}},"26":{"start":{"line":144,"column":26},"end":{"line":144,"column":75}},"27":{"start":{"line":144,"column":65},"end":{"line":144,"column":75}},"28":{"start":{"line":144,"column":13},"end":{"line":144,"column":15}},"29":{"start":{"line":144,"column":22},"end":{"line":144,"column":26}},"30":{"start":{"line":145,"column":42},"end":{"line":145,"column":72}},"31":{"start":{"line":145,"column":21},"end":{"line":145,"column":23}},"32":{"start":{"line":145,"column":38},"end":{"line":145,"column":42}},"33":{"start":{"line":146,"column":53},"end":{"line":146,"column":62}},"34":{"start":{"line":146,"column":38},"end":{"line":146,"column":40}},"35":{"start":{"line":146,"column":48},"end":{"line":146,"column":53}},"36":{"start":{"line":154,"column":24},"end":{"line":170,"column":4}},"37":{"start":{"line":155,"column":4},"end":{"line":155,"column":26}},"38":{"start":{"line":158,"column":21},"end":{"line":158,"column":null}},"39":{"start":{"line":158,"column":12},"end":{"line":158,"column":null}},"40":{"start":{"line":160,"column":6},"end":{"line":164,"column":null}},"41":{"start":{"line":161,"column":8},"end":{"line":161,"column":31}},"42":{"start":{"line":163,"column":8},"end":{"line":163,"column":52}},"43":{"start":{"line":166,"column":6},"end":{"line":166,"column":29}},"44":{"start":{"line":168,"column":6},"end":{"line":168,"column":24}},"45":{"start":{"line":173,"column":20},"end":{"line":173,"column":69}},"46":{"start":{"line":174,"column":2},"end":{"line":194,"column":58}},"47":{"start":{"line":178,"column":18},"end":{"line":187,"column":6}},"48":{"start":{"line":179,"column":19},"end":{"line":183,"column":null}},"49":{"start":{"line":180,"column":8},"end":{"line":180,"column":21}},"50":{"start":{"line":182,"column":8},"end":{"line":182,"column":19}},"51":{"start":{"line":179,"column":12},"end":{"line":183,"column":null}},"52":{"start":{"line":185,"column":6},"end":{"line":185,"column":48}},"53":{"start":{"line":186,"column":6},"end":{"line":186,"column":31}},"54":{"start":{"line":189,"column":4},"end":{"line":193,"column":null}},"55":{"start":{"line":190,"column":6},"end":{"line":190,"column":25}},"56":{"start":{"line":192,"column":6},"end":{"line":192,"column":14}},"57":{"start":{"line":196,"column":2},"end":{"line":196,"column":76}},"58":{"start":{"line":198,"column":2},"end":{"line":200,"column":null}},"59":{"start":{"line":199,"column":4},"end":{"line":199,"column":65}},"60":{"start":{"line":201,"column":2},"end":{"line":203,"column":null}},"61":{"start":{"line":202,"column":4},"end":{"line":202,"column":63}},"62":{"start":{"line":204,"column":2},"end":{"line":206,"column":null}},"63":{"start":{"line":205,"column":4},"end":{"line":205,"column":67}},"64":{"start":{"line":207,"column":2},"end":{"line":209,"column":null}},"65":{"start":{"line":208,"column":4},"end":{"line":208,"column":44}},"66":{"start":{"line":210,"column":2},"end":{"line":212,"column":null}},"67":{"start":{"line":211,"column":4},"end":{"line":211,"column":63}},"68":{"start":{"line":213,"column":2},"end":{"line":215,"column":null}},"69":{"start":{"line":214,"column":4},"end":{"line":214,"column":67}},"70":{"start":{"line":216,"column":2},"end":{"line":218,"column":null}},"71":{"start":{"line":217,"column":4},"end":{"line":217,"column":67}},"72":{"start":{"line":219,"column":2},"end":{"line":221,"column":null}},"73":{"start":{"line":220,"column":4},"end":{"line":220,"column":28}},"74":{"start":{"line":222,"column":2},"end":{"line":224,"column":null}},"75":{"start":{"line":223,"column":4},"end":{"line":223,"column":45}},"76":{"start":{"line":226,"column":2},"end":{"line":246,"column":4}},"77":{"start":{"line":126,"column":13},"end":{"line":126,"column":31}},"78":{"start":{"line":249,"column":0},"end":{"line":249,"column":31}}},"fnMap":{"0":{"name":"(anonymous_0)","decl":{"start":{"line":126,"column":31},"end":{"line":126,"column":32}},"loc":{"start":{"line":143,"column":23},"end":{"line":247,"column":1}}},"1":{"name":"(anonymous_1)","decl":{"start":{"line":144,"column":59},"end":{"line":144,"column":65}},"loc":{"start":{"line":144,"column":59},"end":{"line":144,"column":74}}},"2":{"name":"(anonymous_2)","decl":{"start":{"line":154,"column":24},"end":{"line":154,"column":null}},"loc":{"start":{"line":154,"column":24},"end":{"line":170,"column":4}}},"3":{"name":"(anonymous_5)","decl":{"start":{"line":174,"column":18},"end":{"line":174,"column":null}},"loc":{"start":{"line":174,"column":18},"end":{"line":194,"column":3}}},"4":{"name":"(anonymous_6)","decl":{"start":{"line":178,"column":18},"end":{"line":178,"column":null}},"loc":{"start":{"line":178,"column":18},"end":{"line":187,"column":6}}},"5":{"name":"(anonymous_9)","decl":{"start":{"line":179,"column":56},"end":{"line":179,"column":57}},"loc":{"start":{"line":179,"column":60},"end":{"line":183,"column":7}}}},"branchMap":{"0":{"loc":{"start":{"line":128,"column":20},"end":{"line":128,"column":36}},"type":"cond-expr","locations":[{"start":{"line":128,"column":20},"end":{"line":128,"column":36}},{"start":{"line":128,"column":36},"end":{"line":128,"column":null}}]},"1":{"loc":{"start":{"line":132,"column":10},"end":{"line":132,"column":22}},"type":"cond-expr","locations":[{"start":{"line":132,"column":10},"end":{"line":132,"column":22}},{"start":{"line":132,"column":22},"end":{"line":132,"column":null}}]},"2":{"loc":{"start":{"line":140,"column":19},"end":{"line":140,"column":34}},"type":"cond-expr","locations":[{"start":{"line":140,"column":19},"end":{"line":140,"column":34}},{"start":{"line":140,"column":34},"end":{"line":140,"column":null}}]},"3":{"loc":{"start":{"line":141,"column":9},"end":{"line":141,"column":14}},"type":"cond-expr","locations":[{"start":{"line":141,"column":9},"end":{"line":141,"column":14}},{"start":{"line":141,"column":14},"end":{"line":141,"column":null}}]},"4":{"loc":{"start":{"line":158,"column":31},"end":{"line":158,"column":33}},"type":"cond-expr","locations":[{"start":{"line":158,"column":31},"end":{"line":158,"column":33}},{"start":{"line":158,"column":27},"end":{"line":158,"column":43}}]},"5":{"loc":{"start":{"line":158,"column":27},"end":{"line":158,"column":33}},"type":"binary-expr","locations":[{"start":{"line":158,"column":27},"end":{"line":158,"column":33}},{"start":{"line":158,"column":27},"end":{"line":158,"column":33}}]},"6":{"loc":{"start":{"line":160,"column":6},"end":{"line":164,"column":null}},"type":"if","locations":[{"start":{"line":160,"column":6},"end":{"line":164,"column":null}},{"start":{"line":160,"column":6},"end":{"line":164,"column":null}}]},"7":{"loc":{"start":{"line":173,"column":52},"end":{"line":173,"column":57}},"type":"cond-expr","locations":[{"start":{"line":173,"column":52},"end":{"line":173,"column":57}},{"start":{"line":173,"column":60},"end":{"line":173,"column":69}}]},"8":{"loc":{"start":{"line":179,"column":19},"end":{"line":183,"column":null}},"type":"switch","locations":[{"start":{"line":179,"column":19},"end":{"line":183,"column":null}}]},"9":{"loc":{"start":{"line":179,"column":33},"end":{"line":179,"column":35}},"type":"cond-expr","locations":[{"start":{"line":179,"column":33},"end":{"line":179,"column":35}},{"start":{"line":179,"column":25},"end":{"line":183,"column":8}}]},"10":{"loc":{"start":{"line":179,"column":25},"end":{"line":179,"column":35}},"type":"binary-expr","locations":[{"start":{"line":179,"column":25},"end":{"line":179,"column":35}},{"start":{"line":179,"column":25},"end":{"line":179,"column":35}}]},"11":{"loc":{"start":{"line":185,"column":16},"end":{"line":185,"column":18}},"type":"cond-expr","locations":[{"start":{"line":185,"column":16},"end":{"line":185,"column":18}},{"start":{"line":185,"column":12},"end":{"line":185,"column":47}}]},"12":{"loc":{"start":{"line":185,"column":12},"end":{"line":185,"column":18}},"type":"binary-expr","locations":[{"start":{"line":185,"column":12},"end":{"line":185,"column":18}},{"start":{"line":185,"column":12},"end":{"line":185,"column":18}}]},"13":{"loc":{"start":{"line":186,"column":16},"end":{"line":186,"column":18}},"type":"cond-expr","locations":[{"start":{"line":186,"column":16},"end":{"line":186,"column":18}},{"start":{"line":186,"column":12},"end":{"line":186,"column":30}}]},"14":{"loc":{"start":{"line":186,"column":12},"end":{"line":186,"column":18}},"type":"binary-expr","locations":[{"start":{"line":186,"column":12},"end":{"line":186,"column":18}},{"start":{"line":186,"column":12},"end":{"line":186,"column":18}}]},"15":{"loc":{"start":{"line":189,"column":4},"end":{"line":193,"column":null}},"type":"if","locations":[{"start":{"line":189,"column":4},"end":{"line":193,"column":null}},{"start":{"line":189,"column":4},"end":{"line":193,"column":null}}]},"16":{"loc":{"start":{"line":190,"column":10},"end":{"line":190,"column":12}},"type":"cond-expr","locations":[{"start":{"line":190,"column":10},"end":{"line":190,"column":12}},{"start":{"line":190,"column":6},"end":{"line":190,"column":24}}]},"17":{"loc":{"start":{"line":190,"column":6},"end":{"line":190,"column":12}},"type":"binary-expr","locations":[{"start":{"line":190,"column":6},"end":{"line":190,"column":12}},{"start":{"line":190,"column":6},"end":{"line":190,"column":12}}]},"18":{"loc":{"start":{"line":198,"column":2},"end":{"line":200,"column":null}},"type":"if","locations":[{"start":{"line":198,"column":2},"end":{"line":200,"column":null}},{"start":{"line":198,"column":2},"end":{"line":200,"column":null}}]},"19":{"loc":{"start":{"line":199,"column":8},"end":{"line":199,"column":10}},"type":"cond-expr","locations":[{"start":{"line":199,"column":8},"end":{"line":199,"column":10}},{"start":{"line":199,"column":4},"end":{"line":199,"column":64}}]},"20":{"loc":{"start":{"line":199,"column":4},"end":{"line":199,"column":10}},"type":"binary-expr","locations":[{"start":{"line":199,"column":4},"end":{"line":199,"column":10}},{"start":{"line":199,"column":4},"end":{"line":199,"column":10}}]},"21":{"loc":{"start":{"line":201,"column":2},"end":{"line":203,"column":null}},"type":"if","locations":[{"start":{"line":201,"column":2},"end":{"line":203,"column":null}},{"start":{"line":201,"column":2},"end":{"line":203,"column":null}}]},"22":{"loc":{"start":{"line":202,"column":8},"end":{"line":202,"column":10}},"type":"cond-expr","locations":[{"start":{"line":202,"column":8},"end":{"line":202,"column":10}},{"start":{"line":202,"column":4},"end":{"line":202,"column":62}}]},"23":{"loc":{"start":{"line":202,"column":4},"end":{"line":202,"column":10}},"type":"binary-expr","locations":[{"start":{"line":202,"column":4},"end":{"line":202,"column":10}},{"start":{"line":202,"column":4},"end":{"line":202,"column":10}}]},"24":{"loc":{"start":{"line":204,"column":2},"end":{"line":206,"column":null}},"type":"if","locations":[{"start":{"line":204,"column":2},"end":{"line":206,"column":null}},{"start":{"line":204,"column":2},"end":{"line":206,"column":null}}]},"25":{"loc":{"start":{"line":205,"column":8},"end":{"line":205,"column":10}},"type":"cond-expr","locations":[{"start":{"line":205,"column":8},"end":{"line":205,"column":10}},{"start":{"line":205,"column":4},"end":{"line":205,"column":66}}]},"26":{"loc":{"start":{"line":205,"column":4},"end":{"line":205,"column":10}},"type":"binary-expr","locations":[{"start":{"line":205,"column":4},"end":{"line":205,"column":10}},{"start":{"line":205,"column":4},"end":{"line":205,"column":10}}]},"27":{"loc":{"start":{"line":207,"column":2},"end":{"line":209,"column":null}},"type":"if","locations":[{"start":{"line":207,"column":2},"end":{"line":209,"column":null}},{"start":{"line":207,"column":2},"end":{"line":209,"column":null}}]},"28":{"loc":{"start":{"line":208,"column":8},"end":{"line":208,"column":10}},"type":"cond-expr","locations":[{"start":{"line":208,"column":8},"end":{"line":208,"column":10}},{"start":{"line":208,"column":4},"end":{"line":208,"column":43}}]},"29":{"loc":{"start":{"line":208,"column":4},"end":{"line":208,"column":10}},"type":"binary-expr","locations":[{"start":{"line":208,"column":4},"end":{"line":208,"column":10}},{"start":{"line":208,"column":4},"end":{"line":208,"column":10}}]},"30":{"loc":{"start":{"line":210,"column":2},"end":{"line":212,"column":null}},"type":"if","locations":[{"start":{"line":210,"column":2},"end":{"line":212,"column":null}},{"start":{"line":210,"column":2},"end":{"line":212,"column":null}}]},"31":{"loc":{"start":{"line":211,"column":8},"end":{"line":211,"column":10}},"type":"cond-expr","locations":[{"start":{"line":211,"column":8},"end":{"line":211,"column":10}},{"start":{"line":211,"column":4},"end":{"line":211,"column":62}}]},"32":{"loc":{"start":{"line":211,"column":4},"end":{"line":211,"column":10}},"type":"binary-expr","locations":[{"start":{"line":211,"column":4},"end":{"line":211,"column":10}},{"start":{"line":211,"column":4},"end":{"line":211,"column":10}}]},"33":{"loc":{"start":{"line":213,"column":2},"end":{"line":215,"column":null}},"type":"if","locations":[{"start":{"line":213,"column":2},"end":{"line":215,"column":null}},{"start":{"line":213,"column":2},"end":{"line":215,"column":null}}]},"34":{"loc":{"start":{"line":214,"column":8},"end":{"line":214,"column":10}},"type":"cond-expr","locations":[{"start":{"line":214,"column":8},"end":{"line":214,"column":10}},{"start":{"line":214,"column":4},"end":{"line":214,"column":66}}]},"35":{"loc":{"start":{"line":214,"column":4},"end":{"line":214,"column":10}},"type":"binary-expr","locations":[{"start":{"line":214,"column":4},"end":{"line":214,"column":10}},{"start":{"line":214,"column":4},"end":{"line":214,"column":10}}]},"36":{"loc":{"start":{"line":216,"column":2},"end":{"line":218,"column":null}},"type":"if","locations":[{"start":{"line":216,"column":2},"end":{"line":218,"column":null}},{"start":{"line":216,"column":2},"end":{"line":218,"column":null}}]},"37":{"loc":{"start":{"line":217,"column":8},"end":{"line":217,"column":10}},"type":"cond-expr","locations":[{"start":{"line":217,"column":8},"end":{"line":217,"column":10}},{"start":{"line":217,"column":4},"end":{"line":217,"column":66}}]},"38":{"loc":{"start":{"line":217,"column":4},"end":{"line":217,"column":10}},"type":"binary-expr","locations":[{"start":{"line":217,"column":4},"end":{"line":217,"column":10}},{"start":{"line":217,"column":4},"end":{"line":217,"column":10}}]},"39":{"loc":{"start":{"line":219,"column":2},"end":{"line":221,"column":null}},"type":"if","locations":[{"start":{"line":219,"column":2},"end":{"line":221,"column":null}},{"start":{"line":219,"column":2},"end":{"line":221,"column":null}}]},"40":{"loc":{"start":{"line":220,"column":8},"end":{"line":220,"column":10}},"type":"cond-expr","locations":[{"start":{"line":220,"column":8},"end":{"line":220,"column":10}},{"start":{"line":220,"column":4},"end":{"line":220,"column":27}}]},"41":{"loc":{"start":{"line":220,"column":4},"end":{"line":220,"column":10}},"type":"binary-expr","locations":[{"start":{"line":220,"column":4},"end":{"line":220,"column":10}},{"start":{"line":220,"column":4},"end":{"line":220,"column":10}}]},"42":{"loc":{"start":{"line":222,"column":2},"end":{"line":224,"column":null}},"type":"if","locations":[{"start":{"line":222,"column":2},"end":{"line":224,"column":null}},{"start":{"line":222,"column":2},"end":{"line":224,"column":null}}]},"43":{"loc":{"start":{"line":223,"column":8},"end":{"line":223,"column":10}},"type":"cond-expr","locations":[{"start":{"line":223,"column":8},"end":{"line":223,"column":10}},{"start":{"line":223,"column":4},"end":{"line":223,"column":44}}]},"44":{"loc":{"start":{"line":223,"column":4},"end":{"line":223,"column":10}},"type":"binary-expr","locations":[{"start":{"line":223,"column":4},"end":{"line":223,"column":10}},{"start":{"line":223,"column":4},"end":{"line":223,"column":10}}]},"45":{"loc":{"start":{"line":233,"column":9},"end":{"line":233,"column":14}},"type":"binary-expr","locations":[{"start":{"line":233,"column":9},"end":{"line":233,"column":14}},{"start":{"line":233,"column":18},"end":{"line":233,"column":33}}]},"46":{"loc":{"start":{"line":237,"column":23},"end":{"line":237,"column":28}},"type":"binary-expr","locations":[{"start":{"line":237,"column":23},"end":{"line":237,"column":28}},{"start":{"line":237,"column":32},"end":{"line":237,"column":44}}]},"47":{"loc":{"start":{"line":239,"column":18},"end":{"line":239,"column":23}},"type":"binary-expr","locations":[{"start":{"line":239,"column":18},"end":{"line":239,"column":23}},{"start":{"line":239,"column":27},"end":{"line":239,"column":39}}]},"48":{"loc":{"start":{"line":243,"column":9},"end":{"line":243,"column":17}},"type":"binary-expr","locations":[{"start":{"line":243,"column":9},"end":{"line":243,"column":17}},{"start":{"line":243,"column":21},"end":{"line":243,"column":25}}]}},"s":{"0":0,"1":0,"2":0,"3":0,"4":0,"5":0,"6":0,"7":0,"8":0,"9":0,"10":0,"11":0,"12":0,"13":0,"14":0,"15":0,"16":0,"17":0,"18":0,"19":0,"20":0,"21":0,"22":0,"23":0,"24":0,"25":0,"26":0,"27":0,"28":0,"29":0,"30":0,"31":0,"32":0,"33":0,"34":0,"35":0,"36":0,"37":0,"38":0,"39":0,"40":0,"41":0,"42":0,"43":0,"44":0,"45":0,"46":0,"47":0,"48":0,"49":0,"50":0,"51":0,"52":0,"53":0,"54":0,"55":0,"56":0,"57":0,"58":0,"59":0,"60":0,"61":0,"62":0,"63":0,"64":0,"65":0,"66":0,"67":0,"68":0,"69":0,"70":0,"71":0,"72":0,"73":0,"74":0,"75":0,"76":0,"77":0,"78":0},"f":{"0":0,"1":0,"2":0,"3":0,"4":0,"5":0},"b":{"0":[0,0],"1":[0,0],"2":[0,0],"3":[0,0],"4":[0,0],"5":[0,0],"6":[0,0],"7":[0,0],"8":[0],"9":[0,0],"10":[0,0],"11":[0,0],"12":[0,0],"13":[0,0],"14":[0,0],"15":[0,0],"16":[0,0],"17":[0,0],"18":[0,0],"19":[0,0],"20":[0,0],"21":[0,0],"22":[0,0],"23":[0,0],"24":[0,0],"25":[0,0],"26":[0,0],"27":[0,0],"28":[0,0],"29":[0,0],"30":[0,0],"31":[0,0],"32":[0,0],"33":[0,0],"34":[0,0],"35":[0,0],"36":[0,0],"37":[0,0],"38":[0,0],"39":[0,0],"40":[0,0],"41":[0,0],"42":[0,0],"43":[0,0],"44":[0,0],"45":[0,0],"46":[0,0],"47":[0,0],"48":[0,0]}}
,"/Users/danestves/react-square-web-payments-sdk/src/components/CreditCardInput/index.ts": {"path":"/Users/danestves/react-square-web-payments-sdk/src/components/CreditCardInput/index.ts","statementMap":{"0":{"start":{"line":1,"column":0},"end":{"line":1,"column":34}}},"fnMap":{},"branchMap":{},"s":{"0":0},"f":{},"b":{}}
,"/Users/danestves/react-square-web-payments-sdk/src/components/CreditCardInput/styles.ts": {"path":"/Users/danestves/react-square-web-payments-sdk/src/components/CreditCardInput/styles.ts","statementMap":{"0":{"start":{"line":2,"column":0},"end":{"line":2,"column":52}},"1":{"start":{"line":4,"column":14},"end":{"line":11,"column":2}},"2":{"start":{"line":13,"column":13},"end":{"line":20,"column":3}},"3":{"start":{"line":22,"column":13},"end":{"line":44,"column":3}}},"fnMap":{},"branchMap":{},"s":{"0":0,"1":0,"2":0,"3":0},"f":{},"b":{}}
,"/Users/danestves/react-square-web-payments-sdk/src/components/ErrorScreen/ErrorScreen.tsx": {"path":"/Users/danestves/react-square-web-payments-sdk/src/components/ErrorScreen/ErrorScreen.tsx","statementMap":{"0":{"start":{"line":2,"column":0},"end":{"line":2,"column":31}},"1":{"start":{"line":5,"column":0},"end":{"line":5,"column":null}},"2":{"start":{"line":18,"column":27},"end":{"line":70,"column":1}},"3":{"start":{"line":19,"column":2},"end":{"line":19,"column":13}},"4":{"start":{"line":19,"column":13},"end":{"line":19,"column":null}},"5":{"start":{"line":22,"column":24},"end":{"line":22,"column":77}},"6":{"start":{"line":24,"column":2},"end":{"line":29,"column":null}},"7":{"start":{"line":26,"column":4},"end":{"line":28,"column":6}},"8":{"start":{"line":31,"column":2},"end":{"line":69,"column":4}},"9":{"start":{"line":18,"column":13},"end":{"line":18,"column":27}},"10":{"start":{"line":72,"column":0},"end":{"line":72,"column":27}}},"fnMap":{"0":{"name":"(anonymous_0)","decl":{"start":{"line":18,"column":27},"end":{"line":18,"column":28}},"loc":{"start":{"line":20,"column":19},"end":{"line":70,"column":1}}}},"branchMap":{"0":{"loc":{"start":{"line":19,"column":16},"end":{"line":19,"column":20}},"type":"cond-expr","locations":[{"start":{"line":19,"column":16},"end":{"line":19,"column":20}},{"start":{"line":19,"column":20},"end":{"line":19,"column":null}}]},"1":{"loc":{"start":{"line":22,"column":24},"end":{"line":22,"column":62}},"type":"binary-expr","locations":[{"start":{"line":22,"column":24},"end":{"line":22,"column":62}},{"start":{"line":22,"column":66},"end":{"line":22,"column":77}}]},"2":{"loc":{"start":{"line":24,"column":2},"end":{"line":29,"column":null}},"type":"if","locations":[{"start":{"line":24,"column":2},"end":{"line":29,"column":null}},{"start":{"line":24,"column":2},"end":{"line":29,"column":null}}]},"3":{"loc":{"start":{"line":46,"column":14},"end":{"line":46,"column":80}},"type":"cond-expr","locations":[{"start":{"line":46,"column":14},"end":{"line":46,"column":80}},{"start":{"line":47,"column":14},"end":{"line":47,"column":21}}]},"4":{"loc":{"start":{"line":52,"column":12},"end":{"line":62,"column":null}},"type":"cond-expr","locations":[{"start":{"line":52,"column":12},"end":{"line":62,"column":null}},{"start":{"line":64,"column":12},"end":{"line":64,"column":79}}]}},"s":{"0":0,"1":0,"2":0,"3":0,"4":0,"5":0,"6":0,"7":0,"8":0,"9":0,"10":0},"f":{"0":0},"b":{"0":[0,0],"1":[0,0],"2":[0,0],"3":[0,0],"4":[0,0]}}
,"/Users/danestves/react-square-web-payments-sdk/src/components/ErrorScreen/index.ts": {"path":"/Users/danestves/react-square-web-payments-sdk/src/components/ErrorScreen/index.ts","statementMap":{"0":{"start":{"line":1,"column":0},"end":{"line":1,"column":30}}},"fnMap":{},"branchMap":{},"s":{"0":0},"f":{},"b":{}}
,"/Users/danestves/react-square-web-payments-sdk/src/components/ErrorScreen/styles.ts": {"path":"/Users/danestves/react-square-web-payments-sdk/src/components/ErrorScreen/styles.ts","statementMap":{"0":{"start":{"line":2,"column":0},"end":{"line":2,"column":41}},"1":{"start":{"line":4,"column":13},"end":{"line":18,"column":3}},"2":{"start":{"line":20,"column":13},"end":{"line":25,"column":3}},"3":{"start":{"line":27,"column":13},"end":{"line":30,"column":3}},"4":{"start":{"line":32,"column":13},"end":{"line":36,"column":3}},"5":{"start":{"line":38,"column":13},"end":{"line":49,"column":3}},"6":{"start":{"line":51,"column":13},"end":{"line":68,"column":3}}},"fnMap":{},"branchMap":{},"s":{"0":0,"1":0,"2":0,"3":0,"4":0,"5":0,"6":0},"f":{},"b":{}}
,"/Users/danestves/react-square-web-payments-sdk/src/components/GiftCardInput/index.ts": {"path":"/Users/danestves/react-square-web-payments-sdk/src/components/GiftCardInput/index.ts","statementMap":{"0":{"start":{"line":1,"column":0},"end":{"line":1,"column":32}}},"fnMap":{},"branchMap":{},"s":{"0":0},"f":{},"b":{}}
,"/Users/danestves/react-square-web-payments-sdk/src/components/GiftCardInput/styles.ts": {"path":"/Users/danestves/react-square-web-payments-sdk/src/components/GiftCardInput/styles.ts","statementMap":{"0":{"start":{"line":2,"column":0},"end":{"line":2,"column":52}},"1":{"start":{"line":4,"column":14},"end":{"line":11,"column":2}},"2":{"start":{"line":13,"column":13},"end":{"line":20,"column":3}},"3":{"start":{"line":22,"column":13},"end":{"line":44,"column":3}}},"fnMap":{},"branchMap":{},"s":{"0":0,"1":0,"2":0,"3":0},"f":{},"b":{}}
,"/Users/danestves/react-square-web-payments-sdk/src/components/GooglePay/index.ts": {"path":"/Users/danestves/react-square-web-payments-sdk/src/components/GooglePay/index.ts","statementMap":{"0":{"start":{"line":1,"column":0},"end":{"line":1,"column":28}}},"fnMap":{},"branchMap":{},"s":{"0":0},"f":{},"b":{}}
,"/Users/danestves/react-square-web-payments-sdk/src/components/Separator/Separator.tsx": {"path":"/Users/danestves/react-square-web-payments-sdk/src/components/Separator/Separator.tsx","statementMap":{"0":{"start":{"line":2,"column":0},"end":{"line":2,"column":31}},"1":{"start":{"line":6,"column":0},"end":{"line":6,"column":42}},"2":{"start":{"line":14,"column":25},"end":{"line":24,"column":1}},"3":{"start":{"line":15,"column":2},"end":{"line":15,"column":20}},"4":{"start":{"line":15,"column":20},"end":{"line":15,"column":null}},"5":{"start":{"line":16,"column":2},"end":{"line":16,"column":20}},"6":{"start":{"line":16,"column":20},"end":{"line":16,"column":null}},"7":{"start":{"line":17,"column":2},"end":{"line":17,"column":6}},"8":{"start":{"line":17,"column":6},"end":{"line":17,"column":null}},"9":{"start":{"line":19,"column":2},"end":{"line":23,"column":4}},"10":{"start":{"line":14,"column":13},"end":{"line":14,"column":25}},"11":{"start":{"line":26,"column":0},"end":{"line":26,"column":25}}},"fnMap":{"0":{"name":"(anonymous_0)","decl":{"start":{"line":14,"column":25},"end":{"line":14,"column":26}},"loc":{"start":{"line":18,"column":8},"end":{"line":24,"column":1}}}},"branchMap":{"0":{"loc":{"start":{"line":15,"column":23},"end":{"line":15,"column":32}},"type":"cond-expr","locations":[{"start":{"line":15,"column":23},"end":{"line":15,"column":32}},{"start":{"line":15,"column":32},"end":{"line":15,"column":null}}]},"1":{"loc":{"start":{"line":16,"column":23},"end":{"line":16,"column":32}},"type":"cond-expr","locations":[{"start":{"line":16,"column":23},"end":{"line":16,"column":32}},{"start":{"line":16,"column":32},"end":{"line":16,"column":null}}]},"2":{"loc":{"start":{"line":17,"column":9},"end":{"line":17,"column":13}},"type":"cond-expr","locations":[{"start":{"line":17,"column":9},"end":{"line":17,"column":13}},{"start":{"line":17,"column":13},"end":{"line":17,"column":null}}]}},"s":{"0":0,"1":0,"2":0,"3":0,"4":0,"5":0,"6":0,"7":0,"8":0,"9":0,"10":0,"11":0},"f":{"0":0},"b":{"0":[0,0],"1":[0,0],"2":[0,0]}}
,"/Users/danestves/react-square-web-payments-sdk/src/components/Separator/index.ts": {"path":"/Users/danestves/react-square-web-payments-sdk/src/components/Separator/index.ts","statementMap":{"0":{"start":{"line":1,"column":0},"end":{"line":1,"column":28}}},"fnMap":{},"branchMap":{},"s":{"0":0},"f":{},"b":{}}
,"/Users/danestves/react-square-web-payments-sdk/src/components/Separator/styles.ts": {"path":"/Users/danestves/react-square-web-payments-sdk/src/components/Separator/styles.ts","statementMap":{"0":{"start":{"line":2,"column":0},"end":{"line":2,"column":41}},"1":{"start":{"line":4,"column":13},"end":{"line":14,"column":3}},"2":{"start":{"line":16,"column":13},"end":{"line":23,"column":3}}},"fnMap":{},"branchMap":{},"s":{"0":0,"1":0,"2":0},"f":{},"b":{}}
,"/Users/danestves/react-square-web-payments-sdk/src/contexts/index.tsx": {"path":"/Users/danestves/react-square-web-payments-sdk/src/contexts/index.tsx","statementMap":{"0":{"start":{"line":2,"column":0},"end":{"line":2,"column":31}},"1":{"start":{"line":13,"column":0},"end":{"line":13,"column":46}},"2":{"start":{"line":19,"column":23},"end":{"line":27,"column":1}},"3":{"start":{"line":20,"column":18},"end":{"line":20,"column":47}},"4":{"start":{"line":22,"column":2},"end":{"line":24,"column":null}},"5":{"start":{"line":23,"column":4},"end":{"line":23,"column":66}},"6":{"start":{"line":26,"column":2},"end":{"line":26,"column":17}},"7":{"start":{"line":19,"column":13},"end":{"line":19,"column":23}},"8":{"start":{"line":35,"column":13},"end":{"line":43,"column":3}},"9":{"start":{"line":57,"column":46},"end":{"line":104,"column":1}},"10":{"start":{"line":58,"column":10},"end":{"line":58,"column":null}},"11":{"start":{"line":59,"column":10},"end":{"line":59,"column":null}},"12":{"start":{"line":60,"column":10},"end":{"line":61,"column":null}},"13":{"start":{"line":62,"column":33},"end":{"line":64,"column":42}},"14":{"start":{"line":64,"column":10},"end":{"line":64,"column":41}},"15":{"start":{"line":66,"column":39},"end":{"line":81,"column":4}},"16":{"start":{"line":67,"column":21},"end":{"line":81,"column":4}},"17":{"start":{"line":69,"column":4},"end":{"line":72,"column":null}},"18":{"start":{"line":70,"column":6},"end":{"line":70,"column":47}},"19":{"start":{"line":71,"column":6},"end":{"line":71,"column":13}},"20":{"start":{"line":74,"column":31},"end":{"line":77,"column":null}},"21":{"start":{"line":74,"column":10},"end":{"line":77,"column":null}},"22":{"start":{"line":79,"column":4},"end":{"line":79,"column":65}},"23":{"start":{"line":80,"column":4},"end":{"line":80,"column":11}},"24":{"start":{"line":85,"column":47},"end":{"line":86,"column":null}},"25":{"start":{"line":89,"column":2},"end":{"line":89,"column":29}},"26":{"start":{"line":89,"column":17},"end":{"line":89,"column":29}},"27":{"start":{"line":91,"column":18},"end":{"line":99,"column":4}},"28":{"start":{"line":101,"column":2},"end":{"line":103,"column":4}},"29":{"start":{"line":106,"column":0},"end":{"line":106,"column":28}}},"fnMap":{"0":{"name":"(anonymous_0)","decl":{"start":{"line":19,"column":23},"end":{"line":19,"column":null}},"loc":{"start":{"line":19,"column":23},"end":{"line":27,"column":1}}},"1":{"name":"(anonymous_1)","decl":{"start":{"line":57,"column":46},"end":{"line":57,"column":47}},"loc":{"start":{"line":61,"column":1},"end":{"line":104,"column":1}}},"2":{"name":"(anonymous_2)","decl":{"start":{"line":64,"column":4},"end":{"line":64,"column":10}},"loc":{"start":{"line":64,"column":4},"end":{"line":64,"column":41}}},"3":{"name":"(anonymous_3)","decl":{"start":{"line":66,"column":39},"end":{"line":66,"column":null}},"loc":{"start":{"line":67,"column":21},"end":{"line":81,"column":4}}},"4":{"name":"(anonymous_4)","decl":{"start":{"line":67,"column":21},"end":{"line":67,"column":null}},"loc":{"start":{"line":67,"column":21},"end":{"line":81,"column":4}}}},"branchMap":{"0":{"loc":{"start":{"line":22,"column":2},"end":{"line":24,"column":null}},"type":"if","locations":[{"start":{"line":22,"column":2},"end":{"line":24,"column":null}},{"start":{"line":22,"column":2},"end":{"line":24,"column":null}}]},"1":{"loc":{"start":{"line":64,"column":36},"end":{"line":64,"column":40}},"type":"cond-expr","locations":[{"start":{"line":64,"column":36},"end":{"line":64,"column":40}},{"start":{"line":64,"column":36},"end":{"line":64,"column":16}}]},"2":{"loc":{"start":{"line":64,"column":10},"end":{"line":64,"column":40}},"type":"binary-expr","locations":[{"start":{"line":64,"column":10},"end":{"line":64,"column":40}},{"start":{"line":64,"column":36},"end":{"line":64,"column":40}}]},"3":{"loc":{"start":{"line":69,"column":4},"end":{"line":72,"column":null}},"type":"if","locations":[{"start":{"line":69,"column":4},"end":{"line":72,"column":null}},{"start":{"line":69,"column":4},"end":{"line":72,"column":null}}]},"4":{"loc":{"start":{"line":69,"column":8},"end":{"line":69,"column":19}},"type":"binary-expr","locations":[{"start":{"line":69,"column":8},"end":{"line":69,"column":19}},{"start":{"line":69,"column":23},"end":{"line":69,"column":55}}]},"5":{"loc":{"start":{"line":74,"column":45},"end":{"line":74,"column":47}},"type":"cond-expr","locations":[{"start":{"line":74,"column":45},"end":{"line":74,"column":47}},{"start":{"line":74,"column":37},"end":{"line":76,"column":null}}]},"6":{"loc":{"start":{"line":74,"column":37},"end":{"line":74,"column":47}},"type":"binary-expr","locations":[{"start":{"line":74,"column":37},"end":{"line":74,"column":47}},{"start":{"line":74,"column":37},"end":{"line":74,"column":47}}]},"7":{"loc":{"start":{"line":89,"column":2},"end":{"line":89,"column":29}},"type":"if","locations":[{"start":{"line":89,"column":2},"end":{"line":89,"column":29}},{"start":{"line":89,"column":2},"end":{"line":89,"column":29}}]},"8":{"loc":{"start":{"line":94,"column":6},"end":{"line":94,"column":40}},"type":"binary-expr","locations":[{"start":{"line":94,"column":6},"end":{"line":94,"column":40}},{"start":{"line":95,"column":6},"end":{"line":95,"column":42}}]}},"s":{"0":1,"1":1,"2":1,"3":0,"4":0,"5":0,"6":0,"7":1,"8":1,"9":1,"10":1,"11":1,"12":1,"13":1,"14":1,"15":1,"16":0,"17":0,"18":0,"19":0,"20":0,"21":0,"22":0,"23":0,"24":1,"25":1,"26":0,"27":1,"28":1,"29":1},"f":{"0":0,"1":1,"2":1,"3":0,"4":0},"b":{"0":[0,0],"1":[1,0],"2":[1,1],"3":[0,0],"4":[0,0],"5":[0,0],"6":[0,0],"7":[0,1],"8":[1,1]}}
,"/Users/danestves/react-square-web-payments-sdk/src/hooks/index.ts": {"path":"/Users/danestves/react-square-web-payments-sdk/src/hooks/index.ts","statementMap":{"0":{"start":{"line":1,"column":0},"end":{"line":1,"column":37}}},"fnMap":{},"branchMap":{},"s":{"0":1},"f":{},"b":{}}
,"/Users/danestves/react-square-web-payments-sdk/src/hooks/useDynamicCallback.ts": {"path":"/Users/danestves/react-square-web-payments-sdk/src/hooks/useDynamicCallback.ts","statementMap":{"0":{"start":{"line":2,"column":0},"end":{"line":2,"column":31}},"1":{"start":{"line":10,"column":2},"end":{"line":10,"column":73}},"2":{"start":{"line":12,"column":34},"end":{"line":20,"column":1}},"3":{"start":{"line":13,"column":14},"end":{"line":13,"column":36}},"4":{"start":{"line":15,"column":2},"end":{"line":17,"column":17}},"5":{"start":{"line":16,"column":4},"end":{"line":16,"column":27}},"6":{"start":{"line":19,"column":2},"end":{"line":19,"column":66}},"7":{"start":{"line":19,"column":28},"end":{"line":19,"column":35}},"8":{"start":{"line":19,"column":40},"end":{"line":19,"column":60}},"9":{"start":{"line":12,"column":13},"end":{"line":12,"column":34}},"10":{"start":{"line":22,"column":0},"end":{"line":22,"column":34}}},"fnMap":{"0":{"name":"(anonymous_0)","decl":{"start":{"line":12,"column":34},"end":{"line":12,"column":35}},"loc":{"start":{"line":12,"column":48},"end":{"line":20,"column":1}}},"1":{"name":"(anonymous_1)","decl":{"start":{"line":15,"column":28},"end":{"line":15,"column":null}},"loc":{"start":{"line":15,"column":28},"end":{"line":17,"column":3}}},"2":{"name":"(anonymous_2)","decl":{"start":{"line":19,"column":27},"end":{"line":19,"column":28}},"loc":{"start":{"line":19,"column":27},"end":{"line":19,"column":43}}}},"branchMap":{"0":{"loc":{"start":{"line":10,"column":34},"end":{"line":10,"column":55}},"type":"cond-expr","locations":[{"start":{"line":10,"column":34},"end":{"line":10,"column":55}},{"start":{"line":10,"column":58},"end":{"line":10,"column":73}}]}},"s":{"0":1,"1":1,"2":1,"3":1,"4":1,"5":1,"6":1,"7":0,"8":0,"9":1,"10":1},"f":{"0":1,"1":1,"2":0},"b":{"0":[1,0]}}
}
