TN:
SF:src/index.ts
FNF:0
FNH:0
DA:1,0
DA:3,0
DA:4,0
DA:5,0
DA:6,0
DA:7,0
DA:8,0
DA:9,0
DA:10,0
DA:12,0
LF:10
LH:0
BRF:0
BRH:0
end_of_record
TN:
SF:src/components/SquarePaymentsForm.tsx
FN:55,(anonymous_0)
FN:63,(anonymous_1)
FN:64,loadPayment
FN:65,(anonymous_5)
FNF:4
FNH:0
FNDA:0,(anonymous_0)
FNDA:0,(anonymous_1)
FNDA:0,loadPayment
FNDA:0,(anonymous_5)
DA:2,0
DA:3,0
DA:14,0
DA:15,0
DA:55,0
DA:56,0
DA:57,0
DA:58,0
DA:59,0
DA:61,0
DA:63,0
DA:65,0
DA:66,0
DA:67,0
DA:70,0
DA:72,0
DA:76,0
DA:77,0
DA:81,0
DA:82,0
DA:85,0
DA:86,0
DA:89,0
DA:103,0
LF:24
LH:0
BRDA:58,0,0,0
BRDA:58,0,1,0
BRDA:65,1,0,0
BRDA:66,2,0,0
BRDA:66,2,1,0
BRDA:76,3,0,0
BRDA:76,3,1,0
BRDA:76,4,0,0
BRDA:76,4,1,0
BRDA:81,5,0,0
BRDA:81,5,1,0
BRDA:81,6,0,0
BRDA:81,6,1,0
BRDA:85,7,0,0
BRDA:85,7,1,0
BRF:15
BRH:0
end_of_record
TN:
SF:src/components/AchPay/index.ts
FNF:0
FNH:0
DA:1,0
LF:1
LH:0
BRF:0
BRH:0
end_of_record
TN:
SF:src/components/AchPay/styles.ts
FNF:0
FNH:0
DA:2,0
DA:4,0
DA:32,0
LF:3
LH:0
BRF:0
BRH:0
end_of_record
TN:
SF:src/components/ApplePay/index.ts
FNF:0
FNH:0
DA:1,0
LF:1
LH:0
BRF:0
BRH:0
end_of_record
TN:
SF:src/components/ApplePay/styles.ts
FNF:0
FNH:0
DA:2,0
DA:4,0
LF:2
LH:0
BRF:0
BRH:0
end_of_record
TN:
SF:src/components/CreditCardInput/CreditCardInput.tsx
FN:126,(anonymous_0)
FN:144,(anonymous_1)
FN:154,(anonymous_2)
FN:174,(anonymous_5)
FN:178,(anonymous_6)
FN:179,(anonymous_9)
FNF:6
FNH:0
FNDA:0,(anonymous_0)
FNDA:0,(anonymous_1)
FNDA:0,(anonymous_2)
FNDA:0,(anonymous_5)
FNDA:0,(anonymous_6)
FNDA:0,(anonymous_9)
DA:2,0
DA:3,0
DA:4,0
DA:15,0
DA:16,0
DA:126,0
DA:127,0
DA:128,0
DA:129,0
DA:130,0
DA:131,0
DA:132,0
DA:133,0
DA:134,0
DA:135,0
DA:136,0
DA:137,0
DA:138,0
DA:139,0
DA:140,0
DA:141,0
DA:142,0
DA:144,0
DA:145,0
DA:146,0
DA:154,0
DA:155,0
DA:158,0
DA:160,0
DA:161,0
DA:163,0
DA:166,0
DA:168,0
DA:173,0
DA:174,0
DA:178,0
DA:179,0
DA:180,0
DA:182,0
DA:185,0
DA:186,0
DA:189,0
DA:190,0
DA:192,0
DA:196,0
DA:198,0
DA:199,0
DA:201,0
DA:202,0
DA:204,0
DA:205,0
DA:207,0
DA:208,0
DA:210,0
DA:211,0
DA:213,0
DA:214,0
DA:216,0
DA:217,0
DA:219,0
DA:220,0
DA:222,0
DA:223,0
DA:226,0
DA:249,0
LF:65
LH:0
BRDA:128,0,0,0
BRDA:128,0,1,0
BRDA:132,1,0,0
BRDA:132,1,1,0
BRDA:140,2,0,0
BRDA:140,2,1,0
BRDA:141,3,0,0
BRDA:141,3,1,0
BRDA:158,4,0,0
BRDA:158,4,1,0
BRDA:158,5,0,0
BRDA:158,5,1,0
BRDA:160,6,0,0
BRDA:160,6,1,0
BRDA:173,7,0,0
BRDA:173,7,1,0
BRDA:179,8,0,0
BRDA:179,9,0,0
BRDA:179,9,1,0
BRDA:179,10,0,0
BRDA:179,10,1,0
BRDA:185,11,0,0
BRDA:185,11,1,0
BRDA:185,12,0,0
BRDA:185,12,1,0
BRDA:186,13,0,0
BRDA:186,13,1,0
BRDA:186,14,0,0
BRDA:186,14,1,0
BRDA:189,15,0,0
BRDA:189,15,1,0
BRDA:190,16,0,0
BRDA:190,16,1,0
BRDA:190,17,0,0
BRDA:190,17,1,0
BRDA:198,18,0,0
BRDA:198,18,1,0
BRDA:199,19,0,0
BRDA:199,19,1,0
BRDA:199,20,0,0
BRDA:199,20,1,0
BRDA:201,21,0,0
BRDA:201,21,1,0
BRDA:202,22,0,0
BRDA:202,22,1,0
BRDA:202,23,0,0
BRDA:202,23,1,0
BRDA:204,24,0,0
BRDA:204,24,1,0
BRDA:205,25,0,0
BRDA:205,25,1,0
BRDA:205,26,0,0
BRDA:205,26,1,0
BRDA:207,27,0,0
BRDA:207,27,1,0
BRDA:208,28,0,0
BRDA:208,28,1,0
BRDA:208,29,0,0
BRDA:208,29,1,0
BRDA:210,30,0,0
BRDA:210,30,1,0
BRDA:211,31,0,0
BRDA:211,31,1,0
BRDA:211,32,0,0
BRDA:211,32,1,0
BRDA:213,33,0,0
BRDA:213,33,1,0
BRDA:214,34,0,0
BRDA:214,34,1,0
BRDA:214,35,0,0
BRDA:214,35,1,0
BRDA:216,36,0,0
BRDA:216,36,1,0
BRDA:217,37,0,0
BRDA:217,37,1,0
BRDA:217,38,0,0
BRDA:217,38,1,0
BRDA:219,39,0,0
BRDA:219,39,1,0
BRDA:220,40,0,0
BRDA:220,40,1,0
BRDA:220,41,0,0
BRDA:220,41,1,0
BRDA:222,42,0,0
BRDA:222,42,1,0
BRDA:223,43,0,0
BRDA:223,43,1,0
BRDA:223,44,0,0
BRDA:223,44,1,0
BRDA:233,45,0,0
BRDA:233,45,1,0
BRDA:237,46,0,0
BRDA:237,46,1,0
BRDA:239,47,0,0
BRDA:239,47,1,0
BRDA:243,48,0,0
BRDA:243,48,1,0
BRF:97
BRH:0
end_of_record
TN:
SF:src/components/CreditCardInput/index.ts
FNF:0
FNH:0
DA:1,0
LF:1
LH:0
BRF:0
BRH:0
end_of_record
TN:
SF:src/components/CreditCardInput/styles.ts
FNF:0
FNH:0
DA:2,0
DA:4,0
DA:13,0
DA:22,0
LF:4
LH:0
BRF:0
BRH:0
end_of_record
TN:
SF:src/components/ErrorScreen/ErrorScreen.tsx
FN:18,(anonymous_0)
FNF:1
FNH:0
FNDA:0,(anonymous_0)
DA:2,0
DA:5,0
DA:18,0
DA:19,0
DA:22,0
DA:24,0
DA:26,0
DA:31,0
DA:72,0
LF:9
LH:0
BRDA:19,0,0,0
BRDA:19,0,1,0
BRDA:22,1,0,0
BRDA:22,1,1,0
BRDA:24,2,0,0
BRDA:24,2,1,0
BRDA:46,3,0,0
BRDA:46,3,1,0
BRDA:52,4,0,0
BRDA:52,4,1,0
BRF:10
BRH:0
end_of_record
TN:
SF:src/components/ErrorScreen/index.ts
FNF:0
FNH:0
DA:1,0
LF:1
LH:0
BRF:0
BRH:0
end_of_record
TN:
SF:src/components/ErrorScreen/styles.ts
FNF:0
FNH:0
DA:2,0
DA:4,0
DA:20,0
DA:27,0
DA:32,0
DA:38,0
DA:51,0
LF:7
LH:0
BRF:0
BRH:0
end_of_record
TN:
SF:src/components/GiftCardInput/index.ts
FNF:0
FNH:0
DA:1,0
LF:1
LH:0
BRF:0
BRH:0
end_of_record
TN:
SF:src/components/GiftCardInput/styles.ts
FNF:0
FNH:0
DA:2,0
DA:4,0
DA:13,0
DA:22,0
LF:4
LH:0
BRF:0
BRH:0
end_of_record
TN:
SF:src/components/GooglePay/index.ts
FNF:0
FNH:0
DA:1,0
LF:1
LH:0
BRF:0
BRH:0
end_of_record
TN:
SF:src/components/Separator/Separator.tsx
FN:14,(anonymous_0)
FNF:1
FNH:0
FNDA:0,(anonymous_0)
DA:2,0
DA:6,0
DA:14,0
DA:15,0
DA:16,0
DA:17,0
DA:19,0
DA:26,0
LF:8
LH:0
BRDA:15,0,0,0
BRDA:15,0,1,0
BRDA:16,1,0,0
BRDA:16,1,1,0
BRDA:17,2,0,0
BRDA:17,2,1,0
BRF:6
BRH:0
end_of_record
TN:
SF:src/components/Separator/index.ts
FNF:0
FNH:0
DA:1,0
LF:1
LH:0
BRF:0
BRH:0
end_of_record
TN:
SF:src/components/Separator/styles.ts
FNF:0
FNH:0
DA:2,0
DA:4,0
DA:16,0
LF:3
LH:0
BRF:0
BRH:0
end_of_record
TN:
SF:src/contexts/index.tsx
FN:19,(anonymous_0)
FN:57,(anonymous_1)
FN:64,(anonymous_2)
FN:66,(anonymous_3)
FN:67,(anonymous_4)
FNF:5
FNH:2
FNDA:0,(anonymous_0)
FNDA:1,(anonymous_1)
FNDA:1,(anonymous_2)
FNDA:0,(anonymous_3)
FNDA:0,(anonymous_4)
DA:2,1
DA:13,1
DA:19,1
DA:20,0
DA:22,0
DA:23,0
DA:26,0
DA:35,1
DA:57,1
DA:58,1
DA:59,1
DA:60,1
DA:62,1
DA:64,1
DA:66,1
DA:67,0
DA:69,0
DA:70,0
DA:71,0
DA:74,0
DA:79,0
DA:80,0
DA:85,1
DA:89,1
DA:91,1
DA:101,1
DA:106,1
LF:27
LH:16
BRDA:22,0,0,0
BRDA:22,0,1,0
BRDA:64,1,0,1
BRDA:64,1,1,0
BRDA:64,2,0,1
BRDA:64,2,1,1
BRDA:69,3,0,0
BRDA:69,3,1,0
BRDA:69,4,0,0
BRDA:69,4,1,0
BRDA:74,5,0,0
BRDA:74,5,1,0
BRDA:74,6,0,0
BRDA:74,6,1,0
BRDA:89,7,0,0
BRDA:89,7,1,1
BRDA:94,8,0,1
BRDA:94,8,1,1
BRF:18
BRH:6
end_of_record
TN:
SF:src/hooks/index.ts
FNF:0
FNH:0
DA:1,1
LF:1
LH:1
BRF:0
BRH:0
end_of_record
TN:
SF:src/hooks/useDynamicCallback.ts
FN:12,(anonymous_0)
FN:15,(anonymous_1)
FN:19,(anonymous_2)
FNF:3
FNH:2
FNDA:1,(anonymous_0)
FNDA:1,(anonymous_1)
FNDA:0,(anonymous_2)
DA:2,1
DA:10,1
DA:12,1
DA:13,1
DA:15,1
DA:16,1
DA:19,1
DA:22,1
LF:8
LH:8
BRDA:10,0,0,1
BRDA:10,0,1,0
BRF:2
BRH:1
end_of_record
